11/20/2019 08:26:20 AM - INFO -  * Running on http://localhost:5000/ (Press CTRL+C to quit)
11/20/2019 08:26:20 AM - INFO -  * Restarting with stat
11/20/2019 08:26:21 AM - WARNING -  * Debugger is active!
11/20/2019 08:26:21 AM - INFO -  * Debugger PIN: 275-900-968
11/20/2019 15:14:17 PM - DEBUG - registered 'sha512_crypt' handler: <class 'passlib.handlers.sha2_crypt.sha512_crypt'>
11/20/2019 15:14:17 PM - DEBUG - registered 'sha256_crypt' handler: <class 'passlib.handlers.sha2_crypt.sha256_crypt'>
11/20/2019 15:14:18 PM - INFO -  * Running on http://localhost:5000/ (Press CTRL+C to quit)
11/20/2019 15:14:18 PM - INFO -  * Restarting with stat
11/20/2019 15:14:18 PM - DEBUG - registered 'sha512_crypt' handler: <class 'passlib.handlers.sha2_crypt.sha512_crypt'>
11/20/2019 15:14:18 PM - DEBUG - registered 'sha256_crypt' handler: <class 'passlib.handlers.sha2_crypt.sha256_crypt'>
11/20/2019 15:14:19 PM - WARNING -  * Debugger is active!
11/20/2019 15:14:19 PM - INFO -  * Debugger PIN: 275-900-968
11/20/2019 15:17:08 PM - INFO - 127.0.0.1 - - [20/Nov/2019 15:17:08] "POST /v1/auth/register HTTP/1.1" 500 -
11/20/2019 15:18:00 PM - INFO -  * Detected change in '/home/peng/ccna60d-apis/api/handlers/UserHandlers.py', reloading
11/20/2019 15:18:00 PM - INFO -  * Restarting with stat
11/20/2019 15:18:00 PM - DEBUG - registered 'sha512_crypt' handler: <class 'passlib.handlers.sha2_crypt.sha512_crypt'>
11/20/2019 15:18:00 PM - DEBUG - registered 'sha256_crypt' handler: <class 'passlib.handlers.sha2_crypt.sha256_crypt'>
11/20/2019 15:18:02 PM - WARNING -  * Debugger is active!
11/20/2019 15:18:02 PM - INFO -  * Debugger PIN: 275-900-968
11/20/2019 15:18:20 PM - INFO - 127.0.0.1 - - [20/Nov/2019 15:18:20] "POST /v1/auth/register HTTP/1.1" 200 -
11/20/2019 15:19:02 PM - INFO - 127.0.0.1 - - [20/Nov/2019 15:19:02] "POST /v1/auth/login HTTP/1.1" 500 -
11/20/2019 15:23:56 PM - INFO -  * Detected change in '/home/peng/ccna60d-apis/api/handlers/UserHandlers.py', reloading
11/20/2019 15:23:56 PM - INFO -  * Restarting with stat
11/20/2019 15:23:56 PM - DEBUG - registered 'sha512_crypt' handler: <class 'passlib.handlers.sha2_crypt.sha512_crypt'>
11/20/2019 15:23:56 PM - DEBUG - registered 'sha256_crypt' handler: <class 'passlib.handlers.sha2_crypt.sha256_crypt'>
11/20/2019 15:23:57 PM - WARNING -  * Debugger is active!
11/20/2019 15:23:57 PM - INFO -  * Debugger PIN: 275-900-968
11/20/2019 15:24:00 PM - INFO - 127.0.0.1 - - [20/Nov/2019 15:24:00] "POST /v1/auth/login HTTP/1.1" 500 -
11/20/2019 15:29:34 PM - INFO -  * Detected change in '/home/peng/ccna60d-apis/api/handlers/UserHandlers.py', reloading
11/20/2019 15:29:34 PM - INFO -  * Restarting with stat
11/20/2019 15:29:34 PM - DEBUG - registered 'sha512_crypt' handler: <class 'passlib.handlers.sha2_crypt.sha512_crypt'>
11/20/2019 15:29:34 PM - DEBUG - registered 'sha256_crypt' handler: <class 'passlib.handlers.sha2_crypt.sha256_crypt'>
11/20/2019 15:29:35 PM - WARNING -  * Debugger is active!
11/20/2019 15:29:35 PM - INFO -  * Debugger PIN: 275-900-968
11/20/2019 15:34:58 PM - INFO -  * Detected change in '/home/peng/ccna60d-apis/api/models/models.py', reloading
11/20/2019 15:34:58 PM - INFO -  * Restarting with stat
11/20/2019 15:34:58 PM - DEBUG - registered 'sha512_crypt' handler: <class 'passlib.handlers.sha2_crypt.sha512_crypt'>
11/20/2019 15:34:58 PM - DEBUG - registered 'sha256_crypt' handler: <class 'passlib.handlers.sha2_crypt.sha256_crypt'>
11/20/2019 15:34:59 PM - WARNING -  * Debugger is active!
11/20/2019 15:34:59 PM - INFO -  * Debugger PIN: 275-900-968
11/20/2019 15:38:37 PM - INFO -  * Detected change in '/home/peng/ccna60d-apis/api/models/models.py', reloading
11/20/2019 15:38:37 PM - INFO -  * Restarting with stat
11/20/2019 15:38:38 PM - DEBUG - registered 'sha512_crypt' handler: <class 'passlib.handlers.sha2_crypt.sha512_crypt'>
11/20/2019 15:38:38 PM - DEBUG - registered 'sha256_crypt' handler: <class 'passlib.handlers.sha2_crypt.sha256_crypt'>
11/20/2019 15:38:39 PM - WARNING -  * Debugger is active!
11/20/2019 15:38:39 PM - INFO -  * Debugger PIN: 275-900-968
11/20/2019 15:39:27 PM - INFO -  * Detected change in '/home/peng/ccna60d-apis/api/models/models.py', reloading
11/20/2019 15:39:27 PM - INFO -  * Restarting with stat
11/20/2019 15:39:28 PM - DEBUG - registered 'sha512_crypt' handler: <class 'passlib.handlers.sha2_crypt.sha512_crypt'>
11/20/2019 15:39:28 PM - DEBUG - registered 'sha256_crypt' handler: <class 'passlib.handlers.sha2_crypt.sha256_crypt'>
11/20/2019 15:39:29 PM - WARNING -  * Debugger is active!
11/20/2019 15:39:29 PM - INFO -  * Debugger PIN: 275-900-968
11/20/2019 15:40:24 PM - INFO -  * Detected change in '/home/peng/ccna60d-apis/api/models/models.py', reloading
11/20/2019 15:40:24 PM - INFO -  * Restarting with stat
11/20/2019 15:40:24 PM - DEBUG - registered 'sha512_crypt' handler: <class 'passlib.handlers.sha2_crypt.sha512_crypt'>
11/20/2019 15:40:24 PM - DEBUG - registered 'sha256_crypt' handler: <class 'passlib.handlers.sha2_crypt.sha256_crypt'>
11/20/2019 15:40:25 PM - WARNING -  * Debugger is active!
11/20/2019 15:40:25 PM - INFO -  * Debugger PIN: 275-900-968
11/20/2019 15:40:28 PM - INFO -  * Detected change in '/home/peng/ccna60d-apis/api/models/models.py', reloading
11/20/2019 15:40:28 PM - INFO -  * Restarting with stat
11/20/2019 15:40:29 PM - DEBUG - registered 'sha512_crypt' handler: <class 'passlib.handlers.sha2_crypt.sha512_crypt'>
11/20/2019 15:40:29 PM - DEBUG - registered 'sha256_crypt' handler: <class 'passlib.handlers.sha2_crypt.sha256_crypt'>
11/20/2019 15:40:30 PM - WARNING -  * Debugger is active!
11/20/2019 15:40:30 PM - INFO -  * Debugger PIN: 275-900-968
11/20/2019 15:40:53 PM - INFO -  * Detected change in '/home/peng/ccna60d-apis/api/models/models.py', reloading
11/20/2019 15:40:53 PM - INFO -  * Restarting with stat
11/20/2019 15:40:53 PM - DEBUG - registered 'sha512_crypt' handler: <class 'passlib.handlers.sha2_crypt.sha512_crypt'>
11/20/2019 15:40:53 PM - DEBUG - registered 'sha256_crypt' handler: <class 'passlib.handlers.sha2_crypt.sha256_crypt'>
11/20/2019 15:40:54 PM - WARNING -  * Debugger is active!
11/20/2019 15:40:54 PM - INFO -  * Debugger PIN: 275-900-968
11/20/2019 15:41:13 PM - INFO -  * Detected change in '/home/peng/ccna60d-apis/api/models/models.py', reloading
11/20/2019 15:41:13 PM - INFO -  * Restarting with stat
11/20/2019 15:41:13 PM - DEBUG - registered 'sha512_crypt' handler: <class 'passlib.handlers.sha2_crypt.sha512_crypt'>
11/20/2019 15:41:13 PM - DEBUG - registered 'sha256_crypt' handler: <class 'passlib.handlers.sha2_crypt.sha256_crypt'>
11/20/2019 15:41:14 PM - WARNING -  * Debugger is active!
11/20/2019 15:41:14 PM - INFO -  * Debugger PIN: 275-900-968
11/20/2019 15:42:05 PM - INFO -  * Detected change in '/home/peng/ccna60d-apis/api/handlers/UserHandlers.py', reloading
11/20/2019 15:42:05 PM - INFO -  * Restarting with stat
11/20/2019 15:42:05 PM - DEBUG - registered 'sha512_crypt' handler: <class 'passlib.handlers.sha2_crypt.sha512_crypt'>
11/20/2019 15:42:05 PM - DEBUG - registered 'sha256_crypt' handler: <class 'passlib.handlers.sha2_crypt.sha256_crypt'>
11/20/2019 15:42:06 PM - WARNING -  * Debugger is active!
11/20/2019 15:42:06 PM - INFO -  * Debugger PIN: 275-900-968
11/20/2019 15:42:07 PM - INFO -  * Detected change in '/home/peng/ccna60d-apis/api/handlers/UserHandlers.py', reloading
11/20/2019 15:42:08 PM - INFO -  * Restarting with stat
11/20/2019 15:42:08 PM - DEBUG - registered 'sha512_crypt' handler: <class 'passlib.handlers.sha2_crypt.sha512_crypt'>
11/20/2019 15:42:08 PM - DEBUG - registered 'sha256_crypt' handler: <class 'passlib.handlers.sha2_crypt.sha256_crypt'>
11/20/2019 15:42:09 PM - WARNING -  * Debugger is active!
11/20/2019 15:42:09 PM - INFO -  * Debugger PIN: 275-900-968
11/20/2019 15:42:24 PM - INFO -  * Detected change in '/home/peng/ccna60d-apis/api/handlers/UserHandlers.py', reloading
11/20/2019 15:42:24 PM - INFO -  * Restarting with stat
11/20/2019 15:42:25 PM - DEBUG - registered 'sha512_crypt' handler: <class 'passlib.handlers.sha2_crypt.sha512_crypt'>
11/20/2019 15:42:25 PM - DEBUG - registered 'sha256_crypt' handler: <class 'passlib.handlers.sha2_crypt.sha256_crypt'>
11/20/2019 15:42:26 PM - WARNING -  * Debugger is active!
11/20/2019 15:42:26 PM - INFO -  * Debugger PIN: 275-900-968
11/20/2019 15:42:33 PM - INFO - 127.0.0.1 - - [20/Nov/2019 15:42:33] "POST /v1/auth/login HTTP/1.1" 500 -
11/20/2019 15:42:55 PM - INFO -  * Detected change in '/home/peng/ccna60d-apis/api/models/models.py', reloading
11/20/2019 15:42:55 PM - INFO -  * Restarting with stat
11/20/2019 15:42:56 PM - DEBUG - registered 'sha512_crypt' handler: <class 'passlib.handlers.sha2_crypt.sha512_crypt'>
11/20/2019 15:42:56 PM - DEBUG - registered 'sha256_crypt' handler: <class 'passlib.handlers.sha2_crypt.sha256_crypt'>
11/20/2019 15:42:57 PM - WARNING -  * Debugger is active!
11/20/2019 15:42:57 PM - INFO -  * Debugger PIN: 275-900-968
11/20/2019 15:43:01 PM - INFO - 127.0.0.1 - - [20/Nov/2019 15:43:01] "POST /v1/auth/login HTTP/1.1" 200 -
11/20/2019 15:43:30 PM - INFO - 127.0.0.1 - - [20/Nov/2019 15:43:30] "POST /v1/auth/register HTTP/1.1" 200 -
11/20/2019 15:43:39 PM - INFO - 127.0.0.1 - - [20/Nov/2019 15:43:39] "POST /v1/auth/login HTTP/1.1" 200 -
11/20/2019 15:48:36 PM - INFO - 127.0.0.1 - - [20/Nov/2019 15:48:36] "GET /users-X HTTP/1.1" 404 -
11/20/2019 15:48:53 PM - INFO - 127.0.0.1 - - [20/Nov/2019 15:48:53] "GET /users HTTP/1.1" 401 -
11/20/2019 15:51:30 PM - INFO - 127.0.0.1 - - [20/Nov/2019 15:51:30] "POST /v1/auth/logout HTTP/1.1" 200 -
11/20/2019 16:03:02 PM - INFO - 127.0.0.1 - - [20/Nov/2019 16:03:02] "POST /v1/auth/login HTTP/1.1" 200 -
11/20/2019 16:04:34 PM - INFO - 127.0.0.1 - - [20/Nov/2019 16:04:34] "GET /users HTTP/1.1" 401 -
11/20/2019 16:04:47 PM - INFO - 127.0.0.1 - - [20/Nov/2019 16:04:47] "GET /users HTTP/1.1" 401 -
11/20/2019 16:05:11 PM - INFO - 127.0.0.1 - - [20/Nov/2019 16:05:11] "GET /users HTTP/1.1" 401 -
11/20/2019 16:06:11 PM - INFO - 127.0.0.1 - - [20/Nov/2019 16:06:11] "GET /users HTTP/1.1" 401 -
11/20/2019 16:06:51 PM - INFO - 127.0.0.1 - - [20/Nov/2019 16:06:51] "GET /data_user HTTP/1.1" 401 -
11/20/2019 16:07:40 PM - INFO - 127.0.0.1 - - [20/Nov/2019 16:07:40] "GET /users HTTP/1.1" 401 -
11/20/2019 16:09:55 PM - INFO - 127.0.0.1 - - [20/Nov/2019 16:09:55] "GET /users?usernames=test_username,admin_username&emails=test_email@example.com,admin_email@example.com&start_date=01.01.1993&end_date=01.01.2050 HTTP/1.1" 401 -
11/20/2019 16:12:19 PM - INFO -  * Detected change in '/home/peng/ccna60d-apis/api/models/models.py', reloading
11/20/2019 16:12:19 PM - INFO -  * Restarting with stat
11/20/2019 16:12:19 PM - DEBUG - registered 'sha512_crypt' handler: <class 'passlib.handlers.sha2_crypt.sha512_crypt'>
11/20/2019 16:12:19 PM - DEBUG - registered 'sha256_crypt' handler: <class 'passlib.handlers.sha2_crypt.sha256_crypt'>
11/20/2019 16:12:20 PM - WARNING -  * Debugger is active!
11/20/2019 16:12:20 PM - INFO -  * Debugger PIN: 275-900-968
11/20/2019 16:12:22 PM - INFO - 127.0.0.1 - - [20/Nov/2019 16:12:22] "GET /users?usernames=test_username,admin_username&emails=test_email@example.com,admin_email@example.com&start_date=01.01.1993&end_date=01.01.2050 HTTP/1.1" 401 -
11/20/2019 16:12:33 PM - INFO - 127.0.0.1 - - [20/Nov/2019 16:12:33] "GET /users?usernames=test_username,admin_username&emails=test_email@example.com,admin_email@example.com&start_date=01.01.1993&end_date=01.01.2050 HTTP/1.1" 401 -
11/20/2019 16:17:01 PM - INFO - 127.0.0.1 - - [20/Nov/2019 16:17:01] "POST /v1/auth/logout HTTP/1.1" 200 -
11/20/2019 16:17:46 PM - INFO - 127.0.0.1 - - [20/Nov/2019 16:17:46] "POST /v1/auth/login HTTP/1.1" 200 -
11/20/2019 16:18:49 PM - INFO - 127.0.0.1 - - [20/Nov/2019 16:18:49] "POST /v1/auth/refresh HTTP/1.1" 500 -
11/20/2019 16:19:20 PM - INFO -  * Detected change in '/home/peng/ccna60d-apis/api/handlers/UserHandlers.py', reloading
11/20/2019 16:19:20 PM - INFO -  * Restarting with stat
11/20/2019 16:19:20 PM - DEBUG - registered 'sha512_crypt' handler: <class 'passlib.handlers.sha2_crypt.sha512_crypt'>
11/20/2019 16:19:20 PM - DEBUG - registered 'sha256_crypt' handler: <class 'passlib.handlers.sha2_crypt.sha256_crypt'>
11/20/2019 16:19:21 PM - WARNING -  * Debugger is active!
11/20/2019 16:19:21 PM - INFO -  * Debugger PIN: 275-900-968
11/20/2019 16:19:24 PM - INFO - 127.0.0.1 - - [20/Nov/2019 16:19:24] "POST /v1/auth/refresh HTTP/1.1" 200 -
11/20/2019 16:20:45 PM - INFO - 127.0.0.1 - - [20/Nov/2019 16:20:45] "GET /data_user HTTP/1.1" 200 -
11/20/2019 16:22:53 PM - INFO - 127.0.0.1 - - [20/Nov/2019 16:22:53] "POST /v1/auth/login HTTP/1.1" 409 -
11/20/2019 16:24:30 PM - INFO -  * Detected change in '/home/peng/ccna60d-apis/api/db_initializer/db_initializer.py', reloading
11/20/2019 16:24:30 PM - INFO -  * Restarting with stat
11/20/2019 16:24:30 PM - DEBUG - registered 'sha512_crypt' handler: <class 'passlib.handlers.sha2_crypt.sha512_crypt'>
11/20/2019 16:24:30 PM - DEBUG - registered 'sha256_crypt' handler: <class 'passlib.handlers.sha2_crypt.sha256_crypt'>
11/20/2019 16:24:31 PM - WARNING -  * Debugger is active!
11/20/2019 16:24:31 PM - INFO -  * Debugger PIN: 275-900-968
11/20/2019 16:24:58 PM - INFO -  * Detected change in '/home/peng/ccna60d-apis/api/db_initializer/db_initializer.py', reloading
11/20/2019 16:24:58 PM - INFO -  * Restarting with stat
11/20/2019 16:24:59 PM - DEBUG - registered 'sha512_crypt' handler: <class 'passlib.handlers.sha2_crypt.sha512_crypt'>
11/20/2019 16:24:59 PM - DEBUG - registered 'sha256_crypt' handler: <class 'passlib.handlers.sha2_crypt.sha256_crypt'>
11/20/2019 16:25:00 PM - WARNING -  * Debugger is active!
11/20/2019 16:25:00 PM - INFO -  * Debugger PIN: 275-900-968
11/20/2019 16:25:11 PM - INFO -  * Detected change in '/home/peng/ccna60d-apis/api/db_initializer/db_initializer.py', reloading
11/20/2019 16:25:11 PM - INFO -  * Restarting with stat
11/20/2019 16:25:11 PM - DEBUG - registered 'sha512_crypt' handler: <class 'passlib.handlers.sha2_crypt.sha512_crypt'>
11/20/2019 16:25:11 PM - DEBUG - registered 'sha256_crypt' handler: <class 'passlib.handlers.sha2_crypt.sha256_crypt'>
11/20/2019 16:25:13 PM - WARNING -  * Debugger is active!
11/20/2019 16:25:13 PM - INFO -  * Debugger PIN: 275-900-968
11/20/2019 16:27:36 PM - DEBUG - registered 'sha512_crypt' handler: <class 'passlib.handlers.sha2_crypt.sha512_crypt'>
11/20/2019 16:27:36 PM - DEBUG - registered 'sha256_crypt' handler: <class 'passlib.handlers.sha2_crypt.sha256_crypt'>
11/20/2019 16:27:37 PM - INFO -  * Running on http://localhost:5000/ (Press CTRL+C to quit)
11/20/2019 16:27:37 PM - INFO -  * Restarting with stat
11/20/2019 16:27:37 PM - DEBUG - registered 'sha512_crypt' handler: <class 'passlib.handlers.sha2_crypt.sha512_crypt'>
11/20/2019 16:27:37 PM - DEBUG - registered 'sha256_crypt' handler: <class 'passlib.handlers.sha2_crypt.sha256_crypt'>
11/20/2019 16:27:38 PM - WARNING -  * Debugger is active!
11/20/2019 16:27:38 PM - INFO -  * Debugger PIN: 275-900-968
11/20/2019 16:27:58 PM - INFO -  * Detected change in '/home/peng/ccna60d-apis/api/conf/routes.py', reloading
11/20/2019 16:27:58 PM - INFO -  * Restarting with stat
11/20/2019 16:27:59 PM - DEBUG - registered 'sha512_crypt' handler: <class 'passlib.handlers.sha2_crypt.sha512_crypt'>
11/20/2019 16:27:59 PM - DEBUG - registered 'sha256_crypt' handler: <class 'passlib.handlers.sha2_crypt.sha256_crypt'>
11/20/2019 16:28:00 PM - WARNING -  * Debugger is active!
11/20/2019 16:28:00 PM - INFO -  * Debugger PIN: 275-900-968
11/20/2019 16:29:29 PM - INFO -  * Detected change in '/home/peng/ccna60d-apis/api/conf/routes.py', reloading
11/20/2019 16:29:29 PM - INFO -  * Restarting with stat
11/20/2019 16:29:30 PM - DEBUG - registered 'sha512_crypt' handler: <class 'passlib.handlers.sha2_crypt.sha512_crypt'>
11/20/2019 16:29:30 PM - DEBUG - registered 'sha256_crypt' handler: <class 'passlib.handlers.sha2_crypt.sha256_crypt'>
11/20/2019 16:29:31 PM - WARNING -  * Debugger is active!
11/20/2019 16:29:31 PM - INFO -  * Debugger PIN: 275-900-968
11/20/2019 16:30:41 PM - INFO - 127.0.0.1 - - [20/Nov/2019 16:30:41] "POST /v1/auth/login HTTP/1.1" 409 -
11/20/2019 16:30:54 PM - INFO - 127.0.0.1 - - [20/Nov/2019 16:30:54] "POST /v1/auth/login HTTP/1.1" 200 -
11/20/2019 16:32:50 PM - INFO - 127.0.0.1 - - [20/Nov/2019 16:32:50] "GET /data_user HTTP/1.1" 200 -
11/20/2019 16:33:14 PM - ERROR - Could not build url for endpoint 'user_detail' with values ['id']. Did you mean 'usersdata' instead?
11/20/2019 16:33:14 PM - INFO - 127.0.0.1 - - [20/Nov/2019 16:33:14] "GET /users?usernames=test_username,admin_username&emails=test_email@example.com,admin_email@example.com&start_date=01.01.1993&end_date=01.01.2050 HTTP/1.1" 422 -
11/20/2019 16:33:53 PM - ERROR - Could not build url for endpoint 'user_detail' with values ['id']. Did you mean 'usersdata' instead?
11/20/2019 16:33:53 PM - INFO - 127.0.0.1 - - [20/Nov/2019 16:33:53] "GET /users?usernames=test_username,admin_username&emails=test_email@example.com,admin_email@example.com&start_date=01.01.1993&end_date=01.01.2050 HTTP/1.1" 422 -
11/20/2019 16:35:18 PM - INFO -  * Detected change in '/home/peng/ccna60d-apis/api/handlers/UserHandlers.py', reloading
11/20/2019 16:35:18 PM - INFO -  * Restarting with stat
11/20/2019 16:35:18 PM - DEBUG - registered 'sha512_crypt' handler: <class 'passlib.handlers.sha2_crypt.sha512_crypt'>
11/20/2019 16:35:18 PM - DEBUG - registered 'sha256_crypt' handler: <class 'passlib.handlers.sha2_crypt.sha256_crypt'>
11/20/2019 16:35:19 PM - WARNING -  * Debugger is active!
11/20/2019 16:35:19 PM - INFO -  * Debugger PIN: 275-900-968
11/20/2019 16:35:22 PM - ERROR - Could not build url for endpoint 'user_detail' with values ['id']. Did you mean 'usersdata' instead?
11/20/2019 16:35:22 PM - INFO - 127.0.0.1 - - [20/Nov/2019 16:35:22] "GET /users?usernames=test_username,admin_username&emails=test_email@example.com,admin_email@example.com&start_date=01.01.1993&end_date=01.01.2050 HTTP/1.1" 422 -
11/20/2019 16:35:50 PM - INFO -  * Detected change in '/home/peng/ccna60d-apis/api/handlers/UserHandlers.py', reloading
11/20/2019 16:35:50 PM - INFO -  * Restarting with stat
11/20/2019 16:35:50 PM - DEBUG - registered 'sha512_crypt' handler: <class 'passlib.handlers.sha2_crypt.sha512_crypt'>
11/20/2019 16:35:50 PM - DEBUG - registered 'sha256_crypt' handler: <class 'passlib.handlers.sha2_crypt.sha256_crypt'>
11/20/2019 16:35:51 PM - WARNING -  * Debugger is active!
11/20/2019 16:35:51 PM - INFO -  * Debugger PIN: 275-900-968
11/20/2019 16:36:31 PM - INFO -  * Detected change in '/home/peng/ccna60d-apis/api/handlers/UserHandlers.py', reloading
11/20/2019 16:36:31 PM - INFO -  * Restarting with stat
11/20/2019 16:36:31 PM - DEBUG - registered 'sha512_crypt' handler: <class 'passlib.handlers.sha2_crypt.sha512_crypt'>
11/20/2019 16:36:31 PM - DEBUG - registered 'sha256_crypt' handler: <class 'passlib.handlers.sha2_crypt.sha256_crypt'>
11/20/2019 16:36:32 PM - WARNING -  * Debugger is active!
11/20/2019 16:36:32 PM - INFO -  * Debugger PIN: 275-900-968
11/20/2019 16:36:34 PM - ERROR - Could not build url for endpoint 'user_detail' with values ['id']. Did you mean 'usersdata' instead?
11/20/2019 16:36:34 PM - INFO - 127.0.0.1 - - [20/Nov/2019 16:36:34] "GET /users?usernames=test_username,admin_username&emails=test_email@example.com,admin_email@example.com&start_date=01.01.1993&end_date=01.01.2050 HTTP/1.1" 422 -
11/20/2019 16:37:50 PM - INFO -  * Detected change in '/home/peng/ccna60d-apis/api/handlers/UserHandlers.py', reloading
11/20/2019 16:37:50 PM - INFO -  * Restarting with stat
11/20/2019 16:37:51 PM - DEBUG - registered 'sha512_crypt' handler: <class 'passlib.handlers.sha2_crypt.sha512_crypt'>
11/20/2019 16:37:51 PM - DEBUG - registered 'sha256_crypt' handler: <class 'passlib.handlers.sha2_crypt.sha256_crypt'>
11/20/2019 16:37:52 PM - WARNING -  * Debugger is active!
11/20/2019 16:37:52 PM - INFO -  * Debugger PIN: 275-900-968
11/20/2019 16:37:55 PM - ERROR - Could not build url for endpoint 'user_detail' with values ['id']. Did you mean 'usersdata' instead?
11/20/2019 16:37:55 PM - INFO - 127.0.0.1 - - [20/Nov/2019 16:37:55] "GET /users?usernames=test_username,admin_username&emails=test_email@example.com,admin_email@example.com&start_date=01.01.1993&end_date=01.01.2050 HTTP/1.1" 422 -
11/20/2019 16:38:41 PM - INFO -  * Detected change in '/home/peng/ccna60d-apis/api/handlers/UserHandlers.py', reloading
11/20/2019 16:38:41 PM - INFO -  * Restarting with stat
11/20/2019 16:38:41 PM - DEBUG - registered 'sha512_crypt' handler: <class 'passlib.handlers.sha2_crypt.sha512_crypt'>
11/20/2019 16:38:41 PM - DEBUG - registered 'sha256_crypt' handler: <class 'passlib.handlers.sha2_crypt.sha256_crypt'>
11/20/2019 16:38:42 PM - WARNING -  * Debugger is active!
11/20/2019 16:38:42 PM - INFO -  * Debugger PIN: 275-900-968
11/20/2019 16:39:20 PM - INFO -  * Detected change in '/home/peng/ccna60d-apis/api/handlers/UserHandlers.py', reloading
11/20/2019 16:39:20 PM - INFO -  * Restarting with stat
11/20/2019 16:39:20 PM - DEBUG - registered 'sha512_crypt' handler: <class 'passlib.handlers.sha2_crypt.sha512_crypt'>
11/20/2019 16:39:20 PM - DEBUG - registered 'sha256_crypt' handler: <class 'passlib.handlers.sha2_crypt.sha256_crypt'>
11/20/2019 16:39:21 PM - WARNING -  * Debugger is active!
11/20/2019 16:39:21 PM - INFO -  * Debugger PIN: 275-900-968
11/20/2019 16:39:26 PM - ERROR - Could not build url for endpoint 'user_detail' with values ['id']. Did you mean 'usersdata' instead?
11/20/2019 16:39:26 PM - INFO - 127.0.0.1 - - [20/Nov/2019 16:39:26] "GET /users?usernames=test_username,admin_username&emails=test_email@example.com,admin_email@example.com&start_date=01.01.1993&end_date=01.01.2050 HTTP/1.1" 422 -
11/20/2019 16:39:57 PM - INFO -  * Detected change in '/home/peng/ccna60d-apis/api/handlers/UserHandlers.py', reloading
11/20/2019 16:39:57 PM - INFO -  * Restarting with stat
11/20/2019 16:39:57 PM - DEBUG - registered 'sha512_crypt' handler: <class 'passlib.handlers.sha2_crypt.sha512_crypt'>
11/20/2019 16:39:57 PM - DEBUG - registered 'sha256_crypt' handler: <class 'passlib.handlers.sha2_crypt.sha256_crypt'>
11/20/2019 16:39:58 PM - WARNING -  * Debugger is active!
11/20/2019 16:39:58 PM - INFO -  * Debugger PIN: 275-900-968
11/20/2019 16:40:02 PM - ERROR - Could not build url for endpoint 'user_detail' with values ['id']. Did you mean 'usersdata' instead?
11/20/2019 16:40:02 PM - INFO - 127.0.0.1 - - [20/Nov/2019 16:40:02] "GET /users?usernames=test_username,admin_username&emails=test_email@example.com,admin_email@example.com&start_date=01.01.1993&end_date=01.01.2050 HTTP/1.1" 422 -
11/20/2019 16:40:12 PM - INFO -  * Detected change in '/home/peng/ccna60d-apis/api/handlers/UserHandlers.py', reloading
11/20/2019 16:40:13 PM - INFO -  * Restarting with stat
11/20/2019 16:40:23 PM - DEBUG - registered 'sha512_crypt' handler: <class 'passlib.handlers.sha2_crypt.sha512_crypt'>
11/20/2019 16:40:23 PM - DEBUG - registered 'sha256_crypt' handler: <class 'passlib.handlers.sha2_crypt.sha256_crypt'>
11/20/2019 16:40:24 PM - INFO -  * Running on http://localhost:5000/ (Press CTRL+C to quit)
11/20/2019 16:40:24 PM - INFO -  * Restarting with stat
11/20/2019 16:40:25 PM - DEBUG - registered 'sha512_crypt' handler: <class 'passlib.handlers.sha2_crypt.sha512_crypt'>
11/20/2019 16:40:25 PM - DEBUG - registered 'sha256_crypt' handler: <class 'passlib.handlers.sha2_crypt.sha256_crypt'>
11/20/2019 16:40:26 PM - WARNING -  * Debugger is active!
11/20/2019 16:40:26 PM - INFO -  * Debugger PIN: 275-900-968
11/20/2019 16:40:27 PM - ERROR - Could not build url for endpoint 'user_detail' with values ['id']. Did you mean 'usersdata' instead?
11/20/2019 16:40:27 PM - INFO - 127.0.0.1 - - [20/Nov/2019 16:40:27] "GET /users?usernames=test_username,admin_username&emails=test_email@example.com,admin_email@example.com&start_date=01.01.1993&end_date=01.01.2050 HTTP/1.1" 422 -
11/20/2019 16:41:40 PM - INFO -  * Detected change in '/home/peng/ccna60d-apis/api/handlers/UserHandlers.py', reloading
11/20/2019 16:41:40 PM - INFO -  * Restarting with stat
11/20/2019 16:41:40 PM - DEBUG - registered 'sha512_crypt' handler: <class 'passlib.handlers.sha2_crypt.sha512_crypt'>
11/20/2019 16:41:40 PM - DEBUG - registered 'sha256_crypt' handler: <class 'passlib.handlers.sha2_crypt.sha256_crypt'>
11/20/2019 16:41:41 PM - WARNING -  * Debugger is active!
11/20/2019 16:41:41 PM - INFO -  * Debugger PIN: 275-900-968
11/20/2019 16:41:44 PM - ERROR - Could not build url for endpoint 'user_detail' with values ['id']. Did you mean 'usersdata' instead?
11/20/2019 16:41:44 PM - INFO - 127.0.0.1 - - [20/Nov/2019 16:41:44] "GET /users?usernames=test_username,admin_username&emails=test_email@example.com,admin_email@example.com&start_date=01.01.1993&end_date=01.01.2050 HTTP/1.1" 422 -
11/20/2019 16:45:26 PM - INFO -  * Detected change in '/home/peng/ccna60d-apis/api/schemas/schemas.py', reloading
11/20/2019 16:45:26 PM - INFO -  * Restarting with stat
11/20/2019 16:45:27 PM - DEBUG - registered 'sha512_crypt' handler: <class 'passlib.handlers.sha2_crypt.sha512_crypt'>
11/20/2019 16:45:27 PM - DEBUG - registered 'sha256_crypt' handler: <class 'passlib.handlers.sha2_crypt.sha256_crypt'>
11/20/2019 16:45:28 PM - WARNING -  * Debugger is active!
11/20/2019 16:45:28 PM - INFO -  * Debugger PIN: 275-900-968
11/20/2019 16:45:32 PM - ERROR - Could not build url for endpoint 'user' with values ['id']. Did you mean 'adduser' instead?
11/20/2019 16:45:32 PM - INFO - 127.0.0.1 - - [20/Nov/2019 16:45:32] "GET /users?usernames=test_username,admin_username&emails=test_email@example.com,admin_email@example.com&start_date=01.01.1993&end_date=01.01.2050 HTTP/1.1" 422 -
11/20/2019 16:46:50 PM - INFO -  * Detected change in '/home/peng/ccna60d-apis/api/schemas/schemas.py', reloading
11/20/2019 16:46:50 PM - INFO -  * Restarting with stat
11/20/2019 16:46:51 PM - DEBUG - registered 'sha512_crypt' handler: <class 'passlib.handlers.sha2_crypt.sha512_crypt'>
11/20/2019 16:46:51 PM - DEBUG - registered 'sha256_crypt' handler: <class 'passlib.handlers.sha2_crypt.sha256_crypt'>
11/20/2019 16:46:52 PM - WARNING -  * Debugger is active!
11/20/2019 16:46:52 PM - INFO -  * Debugger PIN: 275-900-968
11/20/2019 16:48:02 PM - INFO -  * Detected change in '/home/peng/ccna60d-apis/api/schemas/schemas.py', reloading
11/20/2019 16:48:02 PM - INFO -  * Restarting with stat
11/20/2019 16:48:02 PM - DEBUG - registered 'sha512_crypt' handler: <class 'passlib.handlers.sha2_crypt.sha512_crypt'>
11/20/2019 16:48:02 PM - DEBUG - registered 'sha256_crypt' handler: <class 'passlib.handlers.sha2_crypt.sha256_crypt'>
11/20/2019 16:48:03 PM - WARNING -  * Debugger is active!
11/20/2019 16:48:03 PM - INFO -  * Debugger PIN: 275-900-968
11/20/2019 16:48:08 PM - ERROR - Could not build url for endpoint 'data_user' with values ['id']. Did you mean 'datauserrequired' instead?
11/20/2019 16:48:08 PM - INFO - 127.0.0.1 - - [20/Nov/2019 16:48:08] "GET /users?usernames=test_username,admin_username&emails=test_email@example.com,admin_email@example.com&start_date=01.01.1993&end_date=01.01.2050 HTTP/1.1" 422 -
11/20/2019 16:49:09 PM - INFO -  * Detected change in '/home/peng/ccna60d-apis/api/conf/routes.py', reloading
11/20/2019 16:49:09 PM - INFO -  * Restarting with stat
11/20/2019 16:49:09 PM - DEBUG - registered 'sha512_crypt' handler: <class 'passlib.handlers.sha2_crypt.sha512_crypt'>
11/20/2019 16:49:09 PM - DEBUG - registered 'sha256_crypt' handler: <class 'passlib.handlers.sha2_crypt.sha256_crypt'>
11/20/2019 16:49:11 PM - WARNING -  * Debugger is active!
11/20/2019 16:49:11 PM - INFO -  * Debugger PIN: 275-900-968
11/20/2019 16:49:15 PM - ERROR - Could not build url for endpoint 'users'. Did you mean 'usersdata' instead?
11/20/2019 16:49:15 PM - INFO - 127.0.0.1 - - [20/Nov/2019 16:49:15] "GET /users?usernames=test_username,admin_username&emails=test_email@example.com,admin_email@example.com&start_date=01.01.1993&end_date=01.01.2050 HTTP/1.1" 422 -
11/20/2019 16:50:13 PM - INFO -  * Detected change in '/home/peng/ccna60d-apis/api/conf/routes.py', reloading
11/20/2019 16:50:13 PM - INFO -  * Restarting with stat
11/20/2019 16:50:14 PM - DEBUG - registered 'sha512_crypt' handler: <class 'passlib.handlers.sha2_crypt.sha512_crypt'>
11/20/2019 16:50:14 PM - DEBUG - registered 'sha256_crypt' handler: <class 'passlib.handlers.sha2_crypt.sha256_crypt'>
11/20/2019 16:50:15 PM - WARNING -  * Debugger is active!
11/20/2019 16:50:15 PM - INFO -  * Debugger PIN: 275-900-968
11/20/2019 16:50:34 PM - INFO -  * Detected change in '/home/peng/ccna60d-apis/api/conf/routes.py', reloading
11/20/2019 16:50:34 PM - INFO -  * Restarting with stat
11/20/2019 16:50:34 PM - DEBUG - registered 'sha512_crypt' handler: <class 'passlib.handlers.sha2_crypt.sha512_crypt'>
11/20/2019 16:50:34 PM - DEBUG - registered 'sha256_crypt' handler: <class 'passlib.handlers.sha2_crypt.sha256_crypt'>
11/20/2019 16:50:36 PM - WARNING -  * Debugger is active!
11/20/2019 16:50:36 PM - INFO -  * Debugger PIN: 275-900-968
11/20/2019 16:50:44 PM - INFO -  * Detected change in '/home/peng/ccna60d-apis/api/custom_json_dumps_encoder.py', reloading
11/20/2019 16:50:44 PM - INFO -  * Restarting with stat
11/20/2019 16:50:44 PM - DEBUG - registered 'sha512_crypt' handler: <class 'passlib.handlers.sha2_crypt.sha512_crypt'>
11/20/2019 16:50:44 PM - DEBUG - registered 'sha256_crypt' handler: <class 'passlib.handlers.sha2_crypt.sha256_crypt'>
11/20/2019 16:50:45 PM - WARNING -  * Debugger is active!
11/20/2019 16:50:45 PM - INFO -  * Debugger PIN: 275-900-968
11/20/2019 16:50:54 PM - INFO -  * Detected change in '/home/peng/ccna60d-apis/api/roles/role_required.py', reloading
11/20/2019 16:50:54 PM - INFO -  * Restarting with stat
11/20/2019 16:50:55 PM - DEBUG - registered 'sha512_crypt' handler: <class 'passlib.handlers.sha2_crypt.sha512_crypt'>
11/20/2019 16:50:55 PM - DEBUG - registered 'sha256_crypt' handler: <class 'passlib.handlers.sha2_crypt.sha256_crypt'>
11/20/2019 16:50:56 PM - WARNING -  * Debugger is active!
11/20/2019 16:50:56 PM - INFO -  * Debugger PIN: 275-900-968
11/20/2019 16:50:57 PM - INFO -  * Detected change in '/home/peng/ccna60d-apis/api/error/errors.py', reloading
11/20/2019 16:50:57 PM - INFO -  * Restarting with stat
11/20/2019 16:50:57 PM - DEBUG - registered 'sha512_crypt' handler: <class 'passlib.handlers.sha2_crypt.sha512_crypt'>
11/20/2019 16:50:57 PM - DEBUG - registered 'sha256_crypt' handler: <class 'passlib.handlers.sha2_crypt.sha256_crypt'>
11/20/2019 16:50:58 PM - WARNING -  * Debugger is active!
11/20/2019 16:50:58 PM - INFO -  * Debugger PIN: 275-900-968
11/20/2019 16:50:59 PM - INFO -  * Detected change in '/home/peng/ccna60d-apis/api/models/models.py', reloading
11/20/2019 16:50:59 PM - INFO -  * Restarting with stat
11/20/2019 16:51:00 PM - DEBUG - registered 'sha512_crypt' handler: <class 'passlib.handlers.sha2_crypt.sha512_crypt'>
11/20/2019 16:51:00 PM - DEBUG - registered 'sha256_crypt' handler: <class 'passlib.handlers.sha2_crypt.sha256_crypt'>
11/20/2019 16:51:01 PM - WARNING -  * Debugger is active!
11/20/2019 16:51:01 PM - INFO -  * Debugger PIN: 275-900-968
11/20/2019 16:51:09 PM - INFO -  * Detected change in '/home/peng/ccna60d-apis/api/schemas/schemas.py', reloading
11/20/2019 16:51:09 PM - INFO -  * Restarting with stat
11/20/2019 16:51:09 PM - DEBUG - registered 'sha512_crypt' handler: <class 'passlib.handlers.sha2_crypt.sha512_crypt'>
11/20/2019 16:51:09 PM - DEBUG - registered 'sha256_crypt' handler: <class 'passlib.handlers.sha2_crypt.sha256_crypt'>
11/20/2019 16:51:10 PM - WARNING -  * Debugger is active!
11/20/2019 16:51:10 PM - INFO -  * Debugger PIN: 275-900-968
11/20/2019 16:51:17 PM - INFO -  * Detected change in '/home/peng/ccna60d-apis/api/conf/routes.py', reloading
11/20/2019 16:51:17 PM - INFO -  * Restarting with stat
11/20/2019 16:51:18 PM - DEBUG - registered 'sha512_crypt' handler: <class 'passlib.handlers.sha2_crypt.sha512_crypt'>
11/20/2019 16:51:18 PM - DEBUG - registered 'sha256_crypt' handler: <class 'passlib.handlers.sha2_crypt.sha256_crypt'>
11/20/2019 16:51:19 PM - WARNING -  * Debugger is active!
11/20/2019 16:51:19 PM - INFO -  * Debugger PIN: 275-900-968
11/20/2019 16:51:28 PM - DEBUG - registered 'sha512_crypt' handler: <class 'passlib.handlers.sha2_crypt.sha512_crypt'>
11/20/2019 16:51:28 PM - DEBUG - registered 'sha256_crypt' handler: <class 'passlib.handlers.sha2_crypt.sha256_crypt'>
11/20/2019 16:51:29 PM - INFO -  * Running on http://localhost:5000/ (Press CTRL+C to quit)
11/20/2019 16:51:29 PM - INFO -  * Restarting with stat
11/20/2019 16:51:29 PM - DEBUG - registered 'sha512_crypt' handler: <class 'passlib.handlers.sha2_crypt.sha512_crypt'>
11/20/2019 16:51:29 PM - DEBUG - registered 'sha256_crypt' handler: <class 'passlib.handlers.sha2_crypt.sha256_crypt'>
11/20/2019 16:51:30 PM - WARNING -  * Debugger is active!
11/20/2019 16:51:30 PM - INFO -  * Debugger PIN: 275-900-968
11/20/2019 16:51:43 PM - ERROR - Could not build url for endpoint 'users'. Did you mean 'user' instead?
11/20/2019 16:51:43 PM - INFO - 127.0.0.1 - - [20/Nov/2019 16:51:43] "GET /users?usernames=test_username,admin_username&emails=test_email@example.com,admin_email@example.com&start_date=01.01.1993&end_date=01.01.2050 HTTP/1.1" 422 -
11/20/2019 16:52:03 PM - INFO -  * Detected change in '/home/peng/ccna60d-apis/api/conf/routes.py', reloading
11/20/2019 16:52:03 PM - INFO -  * Restarting with stat
11/20/2019 16:52:03 PM - DEBUG - registered 'sha512_crypt' handler: <class 'passlib.handlers.sha2_crypt.sha512_crypt'>
11/20/2019 16:52:03 PM - DEBUG - registered 'sha256_crypt' handler: <class 'passlib.handlers.sha2_crypt.sha256_crypt'>
11/20/2019 16:52:04 PM - WARNING -  * Debugger is active!
11/20/2019 16:52:04 PM - INFO -  * Debugger PIN: 275-900-968
11/20/2019 16:52:09 PM - INFO - 127.0.0.1 - - [20/Nov/2019 16:52:09] "GET /users?usernames=test_username,admin_username&emails=test_email@example.com,admin_email@example.com&start_date=01.01.1993&end_date=01.01.2050 HTTP/1.1" 200 -
11/20/2019 16:54:19 PM - INFO -  * Detected change in '/home/peng/ccna60d-apis/api/schemas/schemas.py', reloading
11/20/2019 16:54:19 PM - INFO -  * Restarting with stat
11/20/2019 16:54:19 PM - DEBUG - registered 'sha512_crypt' handler: <class 'passlib.handlers.sha2_crypt.sha512_crypt'>
11/20/2019 16:54:19 PM - DEBUG - registered 'sha256_crypt' handler: <class 'passlib.handlers.sha2_crypt.sha256_crypt'>
11/20/2019 16:54:21 PM - WARNING -  * Debugger is active!
11/20/2019 16:54:21 PM - INFO -  * Debugger PIN: 275-900-968
11/20/2019 16:54:26 PM - INFO - 127.0.0.1 - - [20/Nov/2019 16:54:26] "GET /users?usernames=test_username,admin_username&emails=test_email@example.com,admin_email@example.com&start_date=01.01.1993&end_date=01.01.2050 HTTP/1.1" 200 -
11/20/2019 16:55:27 PM - INFO -  * Detected change in '/home/peng/ccna60d-apis/api/schemas/schemas.py', reloading
11/20/2019 16:55:27 PM - INFO -  * Restarting with stat
11/20/2019 16:55:28 PM - DEBUG - registered 'sha512_crypt' handler: <class 'passlib.handlers.sha2_crypt.sha512_crypt'>
11/20/2019 16:55:28 PM - DEBUG - registered 'sha256_crypt' handler: <class 'passlib.handlers.sha2_crypt.sha256_crypt'>
11/20/2019 16:55:29 PM - WARNING -  * Debugger is active!
11/20/2019 16:55:29 PM - INFO -  * Debugger PIN: 275-900-968
11/20/2019 16:55:33 PM - INFO - 127.0.0.1 - - [20/Nov/2019 16:55:33] "GET /users?usernames=test_username,admin_username&emails=test_email@example.com,admin_email@example.com&start_date=01.01.1993&end_date=01.01.2050 HTTP/1.1" 200 -
11/20/2019 16:55:52 PM - INFO -  * Detected change in '/home/peng/ccna60d-apis/api/schemas/schemas.py', reloading
11/20/2019 16:55:52 PM - INFO -  * Restarting with stat
11/20/2019 16:55:53 PM - DEBUG - registered 'sha512_crypt' handler: <class 'passlib.handlers.sha2_crypt.sha512_crypt'>
11/20/2019 16:55:53 PM - DEBUG - registered 'sha256_crypt' handler: <class 'passlib.handlers.sha2_crypt.sha256_crypt'>
11/20/2019 16:55:54 PM - WARNING -  * Debugger is active!
11/20/2019 16:55:54 PM - INFO -  * Debugger PIN: 275-900-968
11/20/2019 16:55:55 PM - INFO - 127.0.0.1 - - [20/Nov/2019 16:55:55] "GET /users?usernames=test_username,admin_username&emails=test_email@example.com,admin_email@example.com&start_date=01.01.1993&end_date=01.01.2050 HTTP/1.1" 200 -
11/20/2019 16:57:20 PM - INFO -  * Detected change in '/home/peng/ccna60d-apis/api/handlers/UserHandlers.py', reloading
11/20/2019 16:57:20 PM - INFO -  * Restarting with stat
11/20/2019 16:57:20 PM - DEBUG - registered 'sha512_crypt' handler: <class 'passlib.handlers.sha2_crypt.sha512_crypt'>
11/20/2019 16:57:20 PM - DEBUG - registered 'sha256_crypt' handler: <class 'passlib.handlers.sha2_crypt.sha256_crypt'>
11/20/2019 16:57:21 PM - WARNING -  * Debugger is active!
11/20/2019 16:57:21 PM - INFO -  * Debugger PIN: 275-900-968
11/20/2019 16:58:50 PM - INFO -  * Detected change in '/home/peng/ccna60d-apis/api/handlers/UserHandlers.py', reloading
11/20/2019 16:58:50 PM - INFO -  * Restarting with stat
11/20/2019 16:58:50 PM - DEBUG - registered 'sha512_crypt' handler: <class 'passlib.handlers.sha2_crypt.sha512_crypt'>
11/20/2019 16:58:50 PM - DEBUG - registered 'sha256_crypt' handler: <class 'passlib.handlers.sha2_crypt.sha256_crypt'>
11/20/2019 16:58:51 PM - WARNING -  * Debugger is active!
11/20/2019 16:58:51 PM - INFO -  * Debugger PIN: 275-900-968
11/20/2019 16:58:54 PM - ERROR - too many values to unpack (expected 2)
11/20/2019 16:58:54 PM - INFO - 127.0.0.1 - - [20/Nov/2019 16:58:54] "GET /users?usernames=test_username,admin_username&emails=test_email@example.com,admin_email@example.com&start_date=01.01.1993&end_date=01.01.2050 HTTP/1.1" 422 -
11/20/2019 16:59:11 PM - INFO -  * Detected change in '/home/peng/ccna60d-apis/api/handlers/UserHandlers.py', reloading
11/20/2019 16:59:11 PM - INFO -  * Restarting with stat
11/20/2019 16:59:11 PM - DEBUG - registered 'sha512_crypt' handler: <class 'passlib.handlers.sha2_crypt.sha512_crypt'>
11/20/2019 16:59:11 PM - DEBUG - registered 'sha256_crypt' handler: <class 'passlib.handlers.sha2_crypt.sha256_crypt'>
11/20/2019 16:59:12 PM - WARNING -  * Debugger is active!
11/20/2019 16:59:12 PM - INFO -  * Debugger PIN: 275-900-968
11/20/2019 16:59:24 PM - INFO -  * Detected change in '/home/peng/ccna60d-apis/api/handlers/UserHandlers.py', reloading
11/20/2019 16:59:24 PM - INFO -  * Restarting with stat
11/20/2019 16:59:25 PM - DEBUG - registered 'sha512_crypt' handler: <class 'passlib.handlers.sha2_crypt.sha512_crypt'>
11/20/2019 16:59:25 PM - DEBUG - registered 'sha256_crypt' handler: <class 'passlib.handlers.sha2_crypt.sha256_crypt'>
11/20/2019 16:59:26 PM - WARNING -  * Debugger is active!
11/20/2019 16:59:26 PM - INFO -  * Debugger PIN: 275-900-968
11/20/2019 16:59:29 PM - ERROR - 'User' object has no attribute 'password'
11/20/2019 16:59:29 PM - INFO - 127.0.0.1 - - [20/Nov/2019 16:59:29] "GET /users?usernames=test_username,admin_username&emails=test_email@example.com,admin_email@example.com&start_date=01.01.1993&end_date=01.01.2050 HTTP/1.1" 422 -
11/20/2019 16:59:53 PM - ERROR - 'User' object has no attribute 'password'
11/20/2019 16:59:53 PM - INFO - 127.0.0.1 - - [20/Nov/2019 16:59:53] "GET /users?usernames=test_username,admin_username&emails=test_email@example.com,admin_email@example.com&start_date=01.01.1993&end_date=01.01.2050 HTTP/1.1" 422 -
11/20/2019 17:00:16 PM - INFO -  * Detected change in '/home/peng/ccna60d-apis/api/handlers/UserHandlers.py', reloading
11/20/2019 17:00:16 PM - INFO -  * Restarting with stat
11/20/2019 17:00:17 PM - DEBUG - registered 'sha512_crypt' handler: <class 'passlib.handlers.sha2_crypt.sha512_crypt'>
11/20/2019 17:00:17 PM - DEBUG - registered 'sha256_crypt' handler: <class 'passlib.handlers.sha2_crypt.sha256_crypt'>
11/20/2019 17:00:18 PM - WARNING -  * Debugger is active!
11/20/2019 17:00:18 PM - INFO -  * Debugger PIN: 275-900-968
11/20/2019 17:00:20 PM - INFO - 127.0.0.1 - - [20/Nov/2019 17:00:20] "GET /users?usernames=test_username,admin_username&emails=test_email@example.com,admin_email@example.com&start_date=01.01.1993&end_date=01.01.2050 HTTP/1.1" 200 -
11/20/2019 17:00:45 PM - INFO -  * Detected change in '/home/peng/ccna60d-apis/api/handlers/UserHandlers.py', reloading
11/20/2019 17:00:45 PM - INFO -  * Restarting with stat
11/20/2019 17:00:46 PM - DEBUG - registered 'sha512_crypt' handler: <class 'passlib.handlers.sha2_crypt.sha512_crypt'>
11/20/2019 17:00:46 PM - DEBUG - registered 'sha256_crypt' handler: <class 'passlib.handlers.sha2_crypt.sha256_crypt'>
11/20/2019 17:00:47 PM - WARNING -  * Debugger is active!
11/20/2019 17:00:47 PM - INFO -  * Debugger PIN: 275-900-968
11/20/2019 17:00:48 PM - ERROR - 'User' object has no attribute 'password'
11/20/2019 17:00:48 PM - INFO - 127.0.0.1 - - [20/Nov/2019 17:00:48] "GET /users?usernames=test_username,admin_username&emails=test_email@example.com,admin_email@example.com&start_date=01.01.1993&end_date=01.01.2050 HTTP/1.1" 422 -
11/20/2019 17:01:27 PM - INFO -  * Detected change in '/home/peng/ccna60d-apis/api/handlers/UserHandlers.py', reloading
11/20/2019 17:01:27 PM - INFO -  * Restarting with stat
11/20/2019 17:01:28 PM - DEBUG - registered 'sha512_crypt' handler: <class 'passlib.handlers.sha2_crypt.sha512_crypt'>
11/20/2019 17:01:28 PM - DEBUG - registered 'sha256_crypt' handler: <class 'passlib.handlers.sha2_crypt.sha256_crypt'>
11/20/2019 17:01:29 PM - WARNING -  * Debugger is active!
11/20/2019 17:01:29 PM - INFO -  * Debugger PIN: 275-900-968
11/20/2019 17:01:30 PM - INFO - 127.0.0.1 - - [20/Nov/2019 17:01:30] "GET /users?usernames=test_username,admin_username&emails=test_email@example.com,admin_email@example.com&start_date=01.01.1993&end_date=01.01.2050 HTTP/1.1" 200 -
11/20/2019 17:02:17 PM - INFO -  * Detected change in '/home/peng/ccna60d-apis/api/handlers/UserHandlers.py', reloading
11/20/2019 17:02:18 PM - INFO -  * Restarting with stat
11/20/2019 17:02:18 PM - DEBUG - registered 'sha512_crypt' handler: <class 'passlib.handlers.sha2_crypt.sha512_crypt'>
11/20/2019 17:02:18 PM - DEBUG - registered 'sha256_crypt' handler: <class 'passlib.handlers.sha2_crypt.sha256_crypt'>
11/20/2019 17:02:19 PM - WARNING -  * Debugger is active!
11/20/2019 17:02:19 PM - INFO -  * Debugger PIN: 275-900-968
11/20/2019 17:02:20 PM - ERROR - 'User' object has no attribute 'password'
11/20/2019 17:02:20 PM - INFO - 127.0.0.1 - - [20/Nov/2019 17:02:20] "GET /users?usernames=test_username,admin_username&emails=test_email@example.com,admin_email@example.com&start_date=01.01.1993&end_date=01.01.2050 HTTP/1.1" 422 -
11/20/2019 17:03:22 PM - INFO -  * Detected change in '/home/peng/ccna60d-apis/api/handlers/UserHandlers.py', reloading
11/20/2019 17:03:22 PM - INFO -  * Restarting with stat
11/20/2019 17:03:22 PM - DEBUG - registered 'sha512_crypt' handler: <class 'passlib.handlers.sha2_crypt.sha512_crypt'>
11/20/2019 17:03:22 PM - DEBUG - registered 'sha256_crypt' handler: <class 'passlib.handlers.sha2_crypt.sha256_crypt'>
11/20/2019 17:03:23 PM - WARNING -  * Debugger is active!
11/20/2019 17:03:23 PM - INFO -  * Debugger PIN: 275-900-968
11/20/2019 17:16:33 PM - DEBUG - registered 'sha512_crypt' handler: <class 'passlib.handlers.sha2_crypt.sha512_crypt'>
11/20/2019 17:16:33 PM - DEBUG - registered 'sha256_crypt' handler: <class 'passlib.handlers.sha2_crypt.sha256_crypt'>
11/20/2019 17:16:34 PM - INFO -  * Running on http://localhost:5000/ (Press CTRL+C to quit)
11/20/2019 17:16:34 PM - INFO -  * Restarting with stat
11/20/2019 17:16:34 PM - DEBUG - registered 'sha512_crypt' handler: <class 'passlib.handlers.sha2_crypt.sha512_crypt'>
11/20/2019 17:16:34 PM - DEBUG - registered 'sha256_crypt' handler: <class 'passlib.handlers.sha2_crypt.sha256_crypt'>
11/20/2019 17:16:35 PM - WARNING -  * Debugger is active!
11/20/2019 17:16:35 PM - INFO -  * Debugger PIN: 275-900-968
11/20/2019 17:16:39 PM - INFO - 127.0.0.1 - - [20/Nov/2019 17:16:39] "GET /users?usernames=test_username,admin_username&emails=test_email@example.com,admin_email@example.com&start_date=01.01.1993&end_date=01.01.2050 HTTP/1.1" 200 -
11/20/2019 17:16:55 PM - INFO -  * Detected change in '/home/peng/ccna60d-apis/api/handlers/UserHandlers.py', reloading
11/20/2019 17:16:55 PM - INFO -  * Restarting with stat
11/20/2019 17:16:55 PM - DEBUG - registered 'sha512_crypt' handler: <class 'passlib.handlers.sha2_crypt.sha512_crypt'>
11/20/2019 17:16:55 PM - DEBUG - registered 'sha256_crypt' handler: <class 'passlib.handlers.sha2_crypt.sha256_crypt'>
11/20/2019 17:16:56 PM - WARNING -  * Debugger is active!
11/20/2019 17:16:56 PM - INFO -  * Debugger PIN: 275-900-968
11/20/2019 17:16:57 PM - ERROR - 'User' object has no attribute 'password'
11/20/2019 17:16:57 PM - INFO - 127.0.0.1 - - [20/Nov/2019 17:16:57] "GET /users?usernames=test_username,admin_username&emails=test_email@example.com,admin_email@example.com&start_date=01.01.1993&end_date=01.01.2050 HTTP/1.1" 422 -
11/20/2019 17:18:00 PM - INFO -  * Detected change in '/home/peng/ccna60d-apis/api/handlers/UserHandlers.py', reloading
11/20/2019 17:18:00 PM - INFO -  * Restarting with stat
11/20/2019 17:18:00 PM - DEBUG - registered 'sha512_crypt' handler: <class 'passlib.handlers.sha2_crypt.sha512_crypt'>
11/20/2019 17:18:00 PM - DEBUG - registered 'sha256_crypt' handler: <class 'passlib.handlers.sha2_crypt.sha256_crypt'>
11/20/2019 17:18:01 PM - WARNING -  * Debugger is active!
11/20/2019 17:18:01 PM - INFO -  * Debugger PIN: 275-900-968
11/20/2019 17:18:02 PM - ERROR - Object of type 'User' is not JSON serializable
11/20/2019 17:18:02 PM - INFO - 127.0.0.1 - - [20/Nov/2019 17:18:02] "GET /users?usernames=test_username,admin_username&emails=test_email@example.com,admin_email@example.com&start_date=01.01.1993&end_date=01.01.2050 HTTP/1.1" 422 -
11/20/2019 17:18:17 PM - INFO -  * Detected change in '/home/peng/ccna60d-apis/api/handlers/UserHandlers.py', reloading
11/20/2019 17:18:17 PM - INFO -  * Restarting with stat
11/20/2019 17:18:17 PM - DEBUG - registered 'sha512_crypt' handler: <class 'passlib.handlers.sha2_crypt.sha512_crypt'>
11/20/2019 17:18:17 PM - DEBUG - registered 'sha256_crypt' handler: <class 'passlib.handlers.sha2_crypt.sha256_crypt'>
11/20/2019 17:18:18 PM - WARNING -  * Debugger is active!
11/20/2019 17:18:18 PM - INFO -  * Debugger PIN: 275-900-968
11/20/2019 17:18:32 PM - INFO -  * Detected change in '/home/peng/ccna60d-apis/api/handlers/UserHandlers.py', reloading
11/20/2019 17:18:32 PM - INFO -  * Restarting with stat
11/20/2019 17:18:33 PM - DEBUG - registered 'sha512_crypt' handler: <class 'passlib.handlers.sha2_crypt.sha512_crypt'>
11/20/2019 17:18:33 PM - DEBUG - registered 'sha256_crypt' handler: <class 'passlib.handlers.sha2_crypt.sha256_crypt'>
11/20/2019 17:18:34 PM - WARNING -  * Debugger is active!
11/20/2019 17:18:34 PM - INFO -  * Debugger PIN: 275-900-968
11/20/2019 17:18:35 PM - INFO - 127.0.0.1 - - [20/Nov/2019 17:18:35] "GET /users?usernames=test_username,admin_username&emails=test_email@example.com,admin_email@example.com&start_date=01.01.1993&end_date=01.01.2050 HTTP/1.1" 200 -
11/20/2019 17:19:34 PM - INFO -  * Detected change in '/home/peng/ccna60d-apis/api/handlers/UserHandlers.py', reloading
11/20/2019 17:19:34 PM - INFO -  * Restarting with stat
11/20/2019 17:19:34 PM - DEBUG - registered 'sha512_crypt' handler: <class 'passlib.handlers.sha2_crypt.sha512_crypt'>
11/20/2019 17:19:34 PM - DEBUG - registered 'sha256_crypt' handler: <class 'passlib.handlers.sha2_crypt.sha256_crypt'>
11/20/2019 17:19:35 PM - WARNING -  * Debugger is active!
11/20/2019 17:19:35 PM - INFO -  * Debugger PIN: 275-900-968
11/20/2019 17:19:37 PM - INFO - 127.0.0.1 - - [20/Nov/2019 17:19:37] "GET /users?usernames=test_username,admin_username&emails=test_email@example.com,admin_email@example.com&start_date=01.01.1993&end_date=01.01.2050 HTTP/1.1" 200 -
11/20/2019 17:20:51 PM - ERROR - strptime() argument 1 must be str, not None
11/20/2019 17:20:51 PM - INFO - 127.0.0.1 - - [20/Nov/2019 17:20:51] "GET /users HTTP/1.1" 422 -
11/20/2019 17:21:35 PM - INFO -  * Detected change in '/home/peng/ccna60d-apis/api/models/models.py', reloading
11/20/2019 17:21:35 PM - INFO -  * Restarting with stat
11/20/2019 17:21:35 PM - DEBUG - registered 'sha512_crypt' handler: <class 'passlib.handlers.sha2_crypt.sha512_crypt'>
11/20/2019 17:21:35 PM - DEBUG - registered 'sha256_crypt' handler: <class 'passlib.handlers.sha2_crypt.sha256_crypt'>
11/20/2019 17:21:36 PM - WARNING -  * Debugger is active!
11/20/2019 17:21:36 PM - INFO -  * Debugger PIN: 275-900-968
11/20/2019 17:21:38 PM - INFO - 127.0.0.1 - - [20/Nov/2019 17:21:38] "GET /users?usernames=test_username,admin_username&emails=test_email@example.com,admin_email@example.com&start_date=01.01.1993&end_date=01.01.2050 HTTP/1.1" 200 -
11/20/2019 17:21:49 PM - ERROR - strptime() argument 1 must be str, not None
11/20/2019 17:21:49 PM - INFO - 127.0.0.1 - - [20/Nov/2019 17:21:49] "GET /users HTTP/1.1" 422 -
11/20/2019 17:22:04 PM - INFO -  * Detected change in '/home/peng/ccna60d-apis/api/handlers/UserHandlers.py', reloading
11/20/2019 17:22:04 PM - INFO -  * Restarting with stat
11/20/2019 17:22:04 PM - DEBUG - registered 'sha512_crypt' handler: <class 'passlib.handlers.sha2_crypt.sha512_crypt'>
11/20/2019 17:22:04 PM - DEBUG - registered 'sha256_crypt' handler: <class 'passlib.handlers.sha2_crypt.sha256_crypt'>
11/20/2019 17:22:05 PM - WARNING -  * Debugger is active!
11/20/2019 17:22:05 PM - INFO -  * Debugger PIN: 275-900-968
11/20/2019 17:22:06 PM - ERROR - strptime() argument 1 must be str, not None
11/20/2019 17:22:06 PM - INFO - 127.0.0.1 - - [20/Nov/2019 17:22:06] "GET /users HTTP/1.1" 422 -
11/20/2019 17:22:36 PM - INFO - 127.0.0.1 - - [20/Nov/2019 17:22:36] "GET /users?start_date=01.01.1993&end_date=01.01.2050 HTTP/1.1" 200 -
11/20/2019 17:23:21 PM - INFO -  * Detected change in '/home/peng/ccna60d-apis/api/handlers/UserHandlers.py', reloading
11/20/2019 17:23:22 PM - INFO -  * Restarting with stat
11/20/2019 17:23:22 PM - DEBUG - registered 'sha512_crypt' handler: <class 'passlib.handlers.sha2_crypt.sha512_crypt'>
11/20/2019 17:23:22 PM - DEBUG - registered 'sha256_crypt' handler: <class 'passlib.handlers.sha2_crypt.sha256_crypt'>
11/20/2019 17:23:23 PM - WARNING -  * Debugger is active!
11/20/2019 17:23:23 PM - INFO -  * Debugger PIN: 275-900-968
11/20/2019 17:25:13 PM - INFO - 127.0.0.1 - - [20/Nov/2019 17:25:13] "GET /users?usernames=test_username,admin_username&emails=test_email@example.com,admin_email@example.com&start_date=01.01.1993&end_date=01.01.2050 HTTP/1.1" 200 -
11/20/2019 17:25:34 PM - INFO -  * Detected change in '/home/peng/ccna60d-apis/api/schemas/schemas.py', reloading
11/20/2019 17:25:34 PM - INFO -  * Restarting with stat
11/20/2019 17:25:34 PM - DEBUG - registered 'sha512_crypt' handler: <class 'passlib.handlers.sha2_crypt.sha512_crypt'>
11/20/2019 17:25:34 PM - DEBUG - registered 'sha256_crypt' handler: <class 'passlib.handlers.sha2_crypt.sha256_crypt'>
11/20/2019 17:25:35 PM - WARNING -  * Debugger is active!
11/20/2019 17:25:35 PM - INFO -  * Debugger PIN: 275-900-968
11/20/2019 17:25:37 PM - INFO - 127.0.0.1 - - [20/Nov/2019 17:25:37] "GET /users?usernames=test_username,admin_username&emails=test_email@example.com,admin_email@example.com&start_date=01.01.1993&end_date=01.01.2050 HTTP/1.1" 200 -
11/20/2019 17:25:43 PM - INFO -  * Detected change in '/home/peng/ccna60d-apis/api/schemas/schemas.py', reloading
11/20/2019 17:25:43 PM - INFO -  * Restarting with stat
11/20/2019 17:25:43 PM - DEBUG - registered 'sha512_crypt' handler: <class 'passlib.handlers.sha2_crypt.sha512_crypt'>
11/20/2019 17:25:43 PM - DEBUG - registered 'sha256_crypt' handler: <class 'passlib.handlers.sha2_crypt.sha256_crypt'>
11/20/2019 17:25:44 PM - WARNING -  * Debugger is active!
11/20/2019 17:25:44 PM - INFO -  * Debugger PIN: 275-900-968
11/20/2019 17:28:22 PM - INFO -  * Detected change in '/home/peng/ccna60d-apis/api/handlers/UserHandlers.py', reloading
11/20/2019 17:28:22 PM - INFO -  * Restarting with stat
11/20/2019 17:34:26 PM - DEBUG - registered 'sha512_crypt' handler: <class 'passlib.handlers.sha2_crypt.sha512_crypt'>
11/20/2019 17:34:26 PM - DEBUG - registered 'sha256_crypt' handler: <class 'passlib.handlers.sha2_crypt.sha256_crypt'>
11/20/2019 17:35:15 PM - DEBUG - registered 'sha512_crypt' handler: <class 'passlib.handlers.sha2_crypt.sha512_crypt'>
11/20/2019 17:35:15 PM - DEBUG - registered 'sha256_crypt' handler: <class 'passlib.handlers.sha2_crypt.sha256_crypt'>
11/20/2019 17:35:16 PM - INFO -  * Running on http://localhost:5000/ (Press CTRL+C to quit)
11/20/2019 17:35:16 PM - INFO -  * Restarting with stat
11/20/2019 17:35:16 PM - DEBUG - registered 'sha512_crypt' handler: <class 'passlib.handlers.sha2_crypt.sha512_crypt'>
11/20/2019 17:35:16 PM - DEBUG - registered 'sha256_crypt' handler: <class 'passlib.handlers.sha2_crypt.sha256_crypt'>
11/20/2019 17:35:17 PM - WARNING -  * Debugger is active!
11/20/2019 17:35:17 PM - INFO -  * Debugger PIN: 275-900-968
11/20/2019 17:35:26 PM - DEBUG - registered 'sha512_crypt' handler: <class 'passlib.handlers.sha2_crypt.sha512_crypt'>
11/20/2019 17:35:26 PM - DEBUG - registered 'sha256_crypt' handler: <class 'passlib.handlers.sha2_crypt.sha256_crypt'>
11/20/2019 17:35:27 PM - INFO -  * Running on http://localhost:5000/ (Press CTRL+C to quit)
11/20/2019 17:35:27 PM - INFO -  * Restarting with stat
11/20/2019 17:35:27 PM - DEBUG - registered 'sha512_crypt' handler: <class 'passlib.handlers.sha2_crypt.sha512_crypt'>
11/20/2019 17:35:27 PM - DEBUG - registered 'sha256_crypt' handler: <class 'passlib.handlers.sha2_crypt.sha256_crypt'>
11/20/2019 17:35:29 PM - WARNING -  * Debugger is active!
11/20/2019 17:35:29 PM - INFO -  * Debugger PIN: 275-900-968
11/20/2019 17:35:42 PM - INFO - 127.0.0.1 - - [20/Nov/2019 17:35:42] "POST /v1/auth/login HTTP/1.1" 200 -
11/20/2019 17:36:08 PM - INFO - 127.0.0.1 - - [20/Nov/2019 17:36:08] "GET /users?usernames=test_username,admin_username&emails=test_email@example.com,admin_email@example.com&start_date=01.01.1993&end_date=01.01.2050 HTTP/1.1" 401 -
11/20/2019 17:36:27 PM - INFO - 127.0.0.1 - - [20/Nov/2019 17:36:27] "GET /users?usernames=test_username,admin_username&emails=test_email@example.com,admin_email@example.com&start_date=01.01.1993&end_date=01.01.2050 HTTP/1.1" 200 -
11/20/2019 17:37:00 PM - INFO - 127.0.0.1 - - [20/Nov/2019 17:37:00] "GET /user/6 HTTP/1.1" 500 -
11/20/2019 17:37:20 PM - INFO -  * Detected change in '/home/peng/ccna60d-apis/api/models/models.py', reloading
11/20/2019 17:37:20 PM - INFO -  * Restarting with stat
11/20/2019 17:37:21 PM - DEBUG - registered 'sha512_crypt' handler: <class 'passlib.handlers.sha2_crypt.sha512_crypt'>
11/20/2019 17:37:21 PM - DEBUG - registered 'sha256_crypt' handler: <class 'passlib.handlers.sha2_crypt.sha256_crypt'>
11/20/2019 17:37:22 PM - WARNING -  * Debugger is active!
11/20/2019 17:37:22 PM - INFO -  * Debugger PIN: 275-900-968
11/20/2019 17:38:21 PM - INFO -  * Detected change in '/home/peng/ccna60d-apis/api/handlers/UserHandlers.py', reloading
11/20/2019 17:38:21 PM - INFO -  * Restarting with stat
11/20/2019 17:38:21 PM - DEBUG - registered 'sha512_crypt' handler: <class 'passlib.handlers.sha2_crypt.sha512_crypt'>
11/20/2019 17:38:21 PM - DEBUG - registered 'sha256_crypt' handler: <class 'passlib.handlers.sha2_crypt.sha256_crypt'>
11/20/2019 17:38:22 PM - WARNING -  * Debugger is active!
11/20/2019 17:38:22 PM - INFO -  * Debugger PIN: 275-900-968
11/20/2019 17:38:25 PM - ERROR - name 'user_schema' is not defined
11/20/2019 17:38:25 PM - INFO - 127.0.0.1 - - [20/Nov/2019 17:38:25] "GET /user/6 HTTP/1.1" 422 -
11/20/2019 17:38:40 PM - INFO -  * Detected change in '/home/peng/ccna60d-apis/api/handlers/UserHandlers.py', reloading
11/20/2019 17:38:40 PM - INFO -  * Restarting with stat
11/20/2019 17:38:41 PM - DEBUG - registered 'sha512_crypt' handler: <class 'passlib.handlers.sha2_crypt.sha512_crypt'>
11/20/2019 17:38:41 PM - DEBUG - registered 'sha256_crypt' handler: <class 'passlib.handlers.sha2_crypt.sha256_crypt'>
11/20/2019 17:38:42 PM - WARNING -  * Debugger is active!
11/20/2019 17:38:42 PM - INFO -  * Debugger PIN: 275-900-968
11/20/2019 17:38:47 PM - INFO - 127.0.0.1 - - [20/Nov/2019 17:38:47] "GET /user/6 HTTP/1.1" 200 -
11/20/2019 17:40:58 PM - INFO -  * Detected change in '/home/peng/ccna60d-apis/api/schemas/schemas.py', reloading
11/20/2019 17:40:58 PM - INFO -  * Restarting with stat
11/20/2019 17:40:59 PM - DEBUG - registered 'sha512_crypt' handler: <class 'passlib.handlers.sha2_crypt.sha512_crypt'>
11/20/2019 17:40:59 PM - DEBUG - registered 'sha256_crypt' handler: <class 'passlib.handlers.sha2_crypt.sha256_crypt'>
11/20/2019 17:41:00 PM - WARNING -  * Debugger is active!
11/20/2019 17:41:00 PM - INFO -  * Debugger PIN: 275-900-968
11/20/2019 17:41:06 PM - INFO -  * Detected change in '/home/peng/ccna60d-apis/api/schemas/schemas.py', reloading
11/20/2019 17:41:06 PM - INFO -  * Restarting with stat
11/20/2019 17:41:35 PM - DEBUG - registered 'sha512_crypt' handler: <class 'passlib.handlers.sha2_crypt.sha512_crypt'>
11/20/2019 17:41:35 PM - DEBUG - registered 'sha256_crypt' handler: <class 'passlib.handlers.sha2_crypt.sha256_crypt'>
11/20/2019 17:41:36 PM - INFO -  * Running on http://localhost:5000/ (Press CTRL+C to quit)
11/20/2019 17:41:36 PM - INFO -  * Restarting with stat
11/20/2019 17:41:36 PM - DEBUG - registered 'sha512_crypt' handler: <class 'passlib.handlers.sha2_crypt.sha512_crypt'>
11/20/2019 17:41:36 PM - DEBUG - registered 'sha256_crypt' handler: <class 'passlib.handlers.sha2_crypt.sha256_crypt'>
11/20/2019 17:41:38 PM - WARNING -  * Debugger is active!
11/20/2019 17:41:38 PM - INFO -  * Debugger PIN: 275-900-968
11/20/2019 17:41:51 PM - INFO - 127.0.0.1 - - [20/Nov/2019 17:41:51] "GET /user/6 HTTP/1.1" 200 -
11/20/2019 17:44:00 PM - DEBUG - registered 'sha512_crypt' handler: <class 'passlib.handlers.sha2_crypt.sha512_crypt'>
11/20/2019 17:44:00 PM - DEBUG - registered 'sha256_crypt' handler: <class 'passlib.handlers.sha2_crypt.sha256_crypt'>
11/20/2019 17:44:01 PM - INFO -  * Running on http://localhost:5000/ (Press CTRL+C to quit)
11/20/2019 17:44:01 PM - INFO -  * Restarting with stat
11/20/2019 17:44:01 PM - DEBUG - registered 'sha512_crypt' handler: <class 'passlib.handlers.sha2_crypt.sha512_crypt'>
11/20/2019 17:44:01 PM - DEBUG - registered 'sha256_crypt' handler: <class 'passlib.handlers.sha2_crypt.sha256_crypt'>
11/20/2019 17:44:02 PM - WARNING -  * Debugger is active!
11/20/2019 17:44:02 PM - INFO -  * Debugger PIN: 275-900-968
11/20/2019 17:44:11 PM - INFO -  * Detected change in '/home/peng/ccna60d-apis/api/schemas/schemas.py', reloading
11/20/2019 17:44:12 PM - INFO -  * Restarting with stat
11/20/2019 17:44:12 PM - DEBUG - registered 'sha512_crypt' handler: <class 'passlib.handlers.sha2_crypt.sha512_crypt'>
11/20/2019 17:44:12 PM - DEBUG - registered 'sha256_crypt' handler: <class 'passlib.handlers.sha2_crypt.sha256_crypt'>
11/20/2019 17:44:13 PM - WARNING -  * Debugger is active!
11/20/2019 17:44:13 PM - INFO -  * Debugger PIN: 275-900-968
11/20/2019 17:44:16 PM - INFO - 127.0.0.1 - - [20/Nov/2019 17:44:16] "GET /user/6 HTTP/1.1" 200 -
11/20/2019 17:45:28 PM - INFO -  * Detected change in '/home/peng/ccna60d-apis/api/schemas/schemas.py', reloading
11/20/2019 17:45:28 PM - INFO -  * Restarting with stat
11/20/2019 17:45:28 PM - DEBUG - registered 'sha512_crypt' handler: <class 'passlib.handlers.sha2_crypt.sha512_crypt'>
11/20/2019 17:45:28 PM - DEBUG - registered 'sha256_crypt' handler: <class 'passlib.handlers.sha2_crypt.sha256_crypt'>
11/20/2019 17:45:30 PM - WARNING -  * Debugger is active!
11/20/2019 17:45:30 PM - INFO -  * Debugger PIN: 275-900-968
11/20/2019 17:45:35 PM - INFO - 127.0.0.1 - - [20/Nov/2019 17:45:35] "GET /user/6 HTTP/1.1" 200 -
11/20/2019 17:46:33 PM - INFO -  * Detected change in '/home/peng/ccna60d-apis/api/schemas/schemas.py', reloading
11/20/2019 17:46:33 PM - INFO -  * Restarting with stat
11/20/2019 17:46:34 PM - DEBUG - registered 'sha512_crypt' handler: <class 'passlib.handlers.sha2_crypt.sha512_crypt'>
11/20/2019 17:46:34 PM - DEBUG - registered 'sha256_crypt' handler: <class 'passlib.handlers.sha2_crypt.sha256_crypt'>
11/20/2019 17:46:35 PM - WARNING -  * Debugger is active!
11/20/2019 17:46:35 PM - INFO -  * Debugger PIN: 275-900-968
11/20/2019 17:46:39 PM - INFO - 127.0.0.1 - - [20/Nov/2019 17:46:39] "GET /user/6 HTTP/1.1" 200 -
11/20/2019 17:47:02 PM - INFO -  * Detected change in '/home/peng/ccna60d-apis/api/schemas/schemas.py', reloading
11/20/2019 17:47:02 PM - INFO -  * Restarting with stat
11/20/2019 17:47:03 PM - DEBUG - registered 'sha512_crypt' handler: <class 'passlib.handlers.sha2_crypt.sha512_crypt'>
11/20/2019 17:47:03 PM - DEBUG - registered 'sha256_crypt' handler: <class 'passlib.handlers.sha2_crypt.sha256_crypt'>
11/20/2019 17:47:04 PM - WARNING -  * Debugger is active!
11/20/2019 17:47:04 PM - INFO -  * Debugger PIN: 275-900-968
11/20/2019 17:47:04 PM - INFO - 127.0.0.1 - - [20/Nov/2019 17:47:04] "GET /user/6 HTTP/1.1" 200 -
11/20/2019 17:47:06 PM - INFO - 127.0.0.1 - - [20/Nov/2019 17:47:06] "GET /user/6 HTTP/1.1" 200 -
11/20/2019 17:47:44 PM - INFO -  * Detected change in '/home/peng/ccna60d-apis/api/schemas/schemas.py', reloading
11/20/2019 17:47:44 PM - INFO -  * Restarting with stat
11/20/2019 17:47:45 PM - DEBUG - registered 'sha512_crypt' handler: <class 'passlib.handlers.sha2_crypt.sha512_crypt'>
11/20/2019 17:47:45 PM - DEBUG - registered 'sha256_crypt' handler: <class 'passlib.handlers.sha2_crypt.sha256_crypt'>
11/20/2019 17:47:46 PM - WARNING -  * Debugger is active!
11/20/2019 17:47:46 PM - INFO -  * Debugger PIN: 275-900-968
11/20/2019 17:48:58 PM - INFO -  * Detected change in '/home/peng/ccna60d-apis/api/schemas/schemas.py', reloading
11/20/2019 17:48:58 PM - INFO -  * Restarting with stat
11/20/2019 17:48:58 PM - DEBUG - registered 'sha512_crypt' handler: <class 'passlib.handlers.sha2_crypt.sha512_crypt'>
11/20/2019 17:48:58 PM - DEBUG - registered 'sha256_crypt' handler: <class 'passlib.handlers.sha2_crypt.sha256_crypt'>
11/20/2019 17:48:59 PM - WARNING -  * Debugger is active!
11/20/2019 17:48:59 PM - INFO -  * Debugger PIN: 275-900-968
11/20/2019 17:52:21 PM - INFO -  * Detected change in '/home/peng/ccna60d-apis/api/schemas/schemas.py', reloading
11/20/2019 17:52:21 PM - INFO -  * Restarting with stat
11/20/2019 17:52:21 PM - DEBUG - registered 'sha512_crypt' handler: <class 'passlib.handlers.sha2_crypt.sha512_crypt'>
11/20/2019 17:52:21 PM - DEBUG - registered 'sha256_crypt' handler: <class 'passlib.handlers.sha2_crypt.sha256_crypt'>
11/20/2019 17:52:22 PM - WARNING -  * Debugger is active!
11/20/2019 17:52:22 PM - INFO -  * Debugger PIN: 275-900-968
11/20/2019 17:52:27 PM - INFO - 127.0.0.1 - - [20/Nov/2019 17:52:27] "GET /user/6 HTTP/1.1" 200 -
11/20/2019 17:53:07 PM - INFO - 127.0.0.1 - - [20/Nov/2019 17:53:07] "GET /users?usernames=test_username,admin_username&emails=test_email@example.com,admin_email@example.com&start_date=01.01.1993&end_date=01.01.2050 HTTP/1.1" 200 -
11/20/2019 17:53:22 PM - INFO - 127.0.0.1 - - [20/Nov/2019 17:53:22] "GET /user/51 HTTP/1.1" 200 -
11/20/2019 17:53:37 PM - INFO -  * Detected change in '/home/peng/ccna60d-apis/api/schemas/schemas.py', reloading
11/20/2019 17:53:37 PM - INFO -  * Restarting with stat
11/20/2019 17:53:37 PM - DEBUG - registered 'sha512_crypt' handler: <class 'passlib.handlers.sha2_crypt.sha512_crypt'>
11/20/2019 17:53:37 PM - DEBUG - registered 'sha256_crypt' handler: <class 'passlib.handlers.sha2_crypt.sha256_crypt'>
11/20/2019 17:53:38 PM - WARNING -  * Debugger is active!
11/20/2019 17:53:38 PM - INFO -  * Debugger PIN: 275-900-968
11/20/2019 17:55:16 PM - INFO -  * Detected change in '/home/peng/ccna60d-apis/api/handlers/UserHandlers.py', reloading
11/20/2019 17:55:16 PM - INFO -  * Restarting with stat
11/20/2019 17:55:17 PM - DEBUG - registered 'sha512_crypt' handler: <class 'passlib.handlers.sha2_crypt.sha512_crypt'>
11/20/2019 17:55:17 PM - DEBUG - registered 'sha256_crypt' handler: <class 'passlib.handlers.sha2_crypt.sha256_crypt'>
11/20/2019 17:55:18 PM - WARNING -  * Debugger is active!
11/20/2019 17:55:18 PM - INFO -  * Debugger PIN: 275-900-968
11/20/2019 17:55:28 PM - INFO -  * Detected change in '/home/peng/ccna60d-apis/api/handlers/UserHandlers.py', reloading
11/20/2019 17:55:28 PM - INFO -  * Restarting with stat
11/20/2019 17:55:28 PM - DEBUG - registered 'sha512_crypt' handler: <class 'passlib.handlers.sha2_crypt.sha512_crypt'>
11/20/2019 17:55:28 PM - DEBUG - registered 'sha256_crypt' handler: <class 'passlib.handlers.sha2_crypt.sha256_crypt'>
11/20/2019 17:55:29 PM - WARNING -  * Debugger is active!
11/20/2019 17:55:29 PM - INFO -  * Debugger PIN: 275-900-968
11/20/2019 17:55:32 PM - INFO - 127.0.0.1 - - [20/Nov/2019 17:55:32] "GET /users?usernames=test_username,admin_username&emails=test_email@example.com,admin_email@example.com&start_date=01.01.1993&end_date=01.01.2050 HTTP/1.1" 200 -
11/20/2019 17:57:57 PM - INFO -  * Detected change in '/home/peng/ccna60d-apis/api/handlers/UserHandlers.py', reloading
11/20/2019 17:57:57 PM - INFO -  * Restarting with stat
11/20/2019 17:57:58 PM - DEBUG - registered 'sha512_crypt' handler: <class 'passlib.handlers.sha2_crypt.sha512_crypt'>
11/20/2019 17:57:58 PM - DEBUG - registered 'sha256_crypt' handler: <class 'passlib.handlers.sha2_crypt.sha256_crypt'>
11/20/2019 17:57:59 PM - WARNING -  * Debugger is active!
11/20/2019 17:57:59 PM - INFO -  * Debugger PIN: 275-900-968
11/20/2019 17:58:06 PM - INFO -  * Detected change in '/home/peng/ccna60d-apis/api/handlers/UserHandlers.py', reloading
11/20/2019 17:58:06 PM - INFO -  * Restarting with stat
11/20/2019 17:58:06 PM - DEBUG - registered 'sha512_crypt' handler: <class 'passlib.handlers.sha2_crypt.sha512_crypt'>
11/20/2019 17:58:06 PM - DEBUG - registered 'sha256_crypt' handler: <class 'passlib.handlers.sha2_crypt.sha256_crypt'>
11/20/2019 17:58:08 PM - WARNING -  * Debugger is active!
11/20/2019 17:58:08 PM - INFO -  * Debugger PIN: 275-900-968
11/20/2019 17:59:28 PM - INFO -  * Detected change in '/home/peng/ccna60d-apis/api/handlers/UserHandlers.py', reloading
11/20/2019 17:59:28 PM - INFO -  * Restarting with stat
11/20/2019 17:59:28 PM - DEBUG - registered 'sha512_crypt' handler: <class 'passlib.handlers.sha2_crypt.sha512_crypt'>
11/20/2019 17:59:28 PM - DEBUG - registered 'sha256_crypt' handler: <class 'passlib.handlers.sha2_crypt.sha256_crypt'>
11/20/2019 17:59:29 PM - WARNING -  * Debugger is active!
11/20/2019 17:59:29 PM - INFO -  * Debugger PIN: 275-900-968
11/20/2019 17:59:30 PM - INFO -  * Detected change in '/home/peng/ccna60d-apis/api/handlers/UserHandlers.py', reloading
11/20/2019 17:59:30 PM - INFO -  * Restarting with stat
11/20/2019 17:59:31 PM - DEBUG - registered 'sha512_crypt' handler: <class 'passlib.handlers.sha2_crypt.sha512_crypt'>
11/20/2019 17:59:31 PM - DEBUG - registered 'sha256_crypt' handler: <class 'passlib.handlers.sha2_crypt.sha256_crypt'>
11/20/2019 17:59:32 PM - WARNING -  * Debugger is active!
11/20/2019 17:59:32 PM - INFO -  * Debugger PIN: 275-900-968
11/20/2019 18:00:08 PM - INFO -  * Detected change in '/home/peng/ccna60d-apis/api/handlers/UserHandlers.py', reloading
11/20/2019 18:00:08 PM - INFO -  * Restarting with stat
11/20/2019 18:00:09 PM - DEBUG - registered 'sha512_crypt' handler: <class 'passlib.handlers.sha2_crypt.sha512_crypt'>
11/20/2019 18:00:09 PM - DEBUG - registered 'sha256_crypt' handler: <class 'passlib.handlers.sha2_crypt.sha256_crypt'>
11/20/2019 18:00:10 PM - WARNING -  * Debugger is active!
11/20/2019 18:00:10 PM - INFO -  * Debugger PIN: 275-900-968
11/20/2019 18:00:13 PM - INFO -  * Detected change in '/home/peng/ccna60d-apis/api/handlers/UserHandlers.py', reloading
11/20/2019 18:00:13 PM - INFO -  * Restarting with stat
11/20/2019 18:00:13 PM - DEBUG - registered 'sha512_crypt' handler: <class 'passlib.handlers.sha2_crypt.sha512_crypt'>
11/20/2019 18:00:13 PM - DEBUG - registered 'sha256_crypt' handler: <class 'passlib.handlers.sha2_crypt.sha256_crypt'>
11/20/2019 18:00:14 PM - WARNING -  * Debugger is active!
11/20/2019 18:00:14 PM - INFO -  * Debugger PIN: 275-900-968
11/20/2019 18:00:30 PM - INFO - 127.0.0.1 - - [20/Nov/2019 18:00:30] "GET /users HTTP/1.1" 200 -
11/20/2019 18:00:40 PM - INFO -  * Detected change in '/home/peng/ccna60d-apis/api/handlers/UserHandlers.py', reloading
11/20/2019 18:00:40 PM - INFO -  * Restarting with stat
11/20/2019 18:00:40 PM - DEBUG - registered 'sha512_crypt' handler: <class 'passlib.handlers.sha2_crypt.sha512_crypt'>
11/20/2019 18:00:40 PM - DEBUG - registered 'sha256_crypt' handler: <class 'passlib.handlers.sha2_crypt.sha256_crypt'>
11/20/2019 18:00:41 PM - WARNING -  * Debugger is active!
11/20/2019 18:00:41 PM - INFO -  * Debugger PIN: 275-900-968
11/20/2019 18:00:48 PM - DEBUG - registered 'sha512_crypt' handler: <class 'passlib.handlers.sha2_crypt.sha512_crypt'>
11/20/2019 18:00:48 PM - DEBUG - registered 'sha256_crypt' handler: <class 'passlib.handlers.sha2_crypt.sha256_crypt'>
11/20/2019 18:00:49 PM - INFO -  * Running on http://localhost:5000/ (Press CTRL+C to quit)
11/20/2019 18:00:49 PM - INFO -  * Restarting with stat
11/20/2019 18:00:49 PM - DEBUG - registered 'sha512_crypt' handler: <class 'passlib.handlers.sha2_crypt.sha512_crypt'>
11/20/2019 18:00:49 PM - DEBUG - registered 'sha256_crypt' handler: <class 'passlib.handlers.sha2_crypt.sha256_crypt'>
11/20/2019 18:00:50 PM - WARNING -  * Debugger is active!
11/20/2019 18:00:50 PM - INFO -  * Debugger PIN: 275-900-968
11/20/2019 18:00:55 PM - INFO - 127.0.0.1 - - [20/Nov/2019 18:00:55] "GET /users HTTP/1.1" 200 -
11/20/2019 18:01:07 PM - INFO -  * Detected change in '/home/peng/ccna60d-apis/api/handlers/UserHandlers.py', reloading
11/20/2019 18:01:07 PM - INFO -  * Restarting with stat
11/20/2019 18:01:07 PM - DEBUG - registered 'sha512_crypt' handler: <class 'passlib.handlers.sha2_crypt.sha512_crypt'>
11/20/2019 18:01:07 PM - DEBUG - registered 'sha256_crypt' handler: <class 'passlib.handlers.sha2_crypt.sha256_crypt'>
11/20/2019 18:01:08 PM - WARNING -  * Debugger is active!
11/20/2019 18:01:08 PM - INFO -  * Debugger PIN: 275-900-968
11/20/2019 21:22:22 PM - INFO - 127.0.0.1 - - [20/Nov/2019 21:22:22] "GET /users HTTP/1.1" 401 -
11/20/2019 21:22:53 PM - INFO - 127.0.0.1 - - [20/Nov/2019 21:22:53] "POST /v1/auth/register HTTP/1.1" 200 -
11/20/2019 21:23:20 PM - INFO - 127.0.0.1 - - [20/Nov/2019 21:23:20] "POST /v1/auth/login HTTP/1.1" 200 -
11/20/2019 21:23:46 PM - INFO - 127.0.0.1 - - [20/Nov/2019 21:23:46] "GET /users HTTP/1.1" 401 -
11/20/2019 21:23:59 PM - INFO - 127.0.0.1 - - [20/Nov/2019 21:23:59] "GET /users HTTP/1.1" 999 -
11/20/2019 21:27:16 PM - INFO -  * Detected change in '/home/peng/ccna60d-apis/api/handlers/UserHandlers.py', reloading
11/20/2019 21:27:16 PM - INFO -  * Restarting with stat
11/20/2019 21:27:16 PM - DEBUG - registered 'sha512_crypt' handler: <class 'passlib.handlers.sha2_crypt.sha512_crypt'>
11/20/2019 21:27:16 PM - DEBUG - registered 'sha256_crypt' handler: <class 'passlib.handlers.sha2_crypt.sha256_crypt'>
11/20/2019 21:27:17 PM - WARNING -  * Debugger is active!
11/20/2019 21:27:17 PM - INFO -  * Debugger PIN: 275-900-968
11/20/2019 21:27:33 PM - INFO -  * Detected change in '/home/peng/ccna60d-apis/api/handlers/UserHandlers.py', reloading
11/20/2019 21:27:33 PM - INFO -  * Restarting with stat
11/20/2019 21:27:34 PM - DEBUG - registered 'sha512_crypt' handler: <class 'passlib.handlers.sha2_crypt.sha512_crypt'>
11/20/2019 21:27:34 PM - DEBUG - registered 'sha256_crypt' handler: <class 'passlib.handlers.sha2_crypt.sha256_crypt'>
11/20/2019 21:27:35 PM - WARNING -  * Debugger is active!
11/20/2019 21:27:35 PM - INFO -  * Debugger PIN: 275-900-968
11/20/2019 21:27:36 PM - INFO -  * Detected change in '/home/peng/ccna60d-apis/api/schemas/schemas.py', reloading
11/20/2019 21:27:36 PM - INFO -  * Restarting with stat
11/20/2019 21:27:36 PM - DEBUG - registered 'sha512_crypt' handler: <class 'passlib.handlers.sha2_crypt.sha512_crypt'>
11/20/2019 21:27:36 PM - DEBUG - registered 'sha256_crypt' handler: <class 'passlib.handlers.sha2_crypt.sha256_crypt'>
11/20/2019 21:27:38 PM - WARNING -  * Debugger is active!
11/20/2019 21:27:38 PM - INFO -  * Debugger PIN: 275-900-968
11/20/2019 21:27:39 PM - INFO -  * Detected change in '/home/peng/ccna60d-apis/api/database/database.py', reloading
11/20/2019 21:27:39 PM - INFO -  * Restarting with stat
11/20/2019 21:27:39 PM - DEBUG - registered 'sha512_crypt' handler: <class 'passlib.handlers.sha2_crypt.sha512_crypt'>
11/20/2019 21:27:39 PM - DEBUG - registered 'sha256_crypt' handler: <class 'passlib.handlers.sha2_crypt.sha256_crypt'>
11/20/2019 21:27:40 PM - WARNING -  * Debugger is active!
11/20/2019 21:27:40 PM - INFO -  * Debugger PIN: 275-900-968
11/20/2019 21:27:41 PM - INFO -  * Detected change in '/home/peng/ccna60d-apis/main.py', reloading
11/20/2019 21:27:41 PM - INFO -  * Restarting with stat
11/20/2019 21:27:42 PM - DEBUG - registered 'sha512_crypt' handler: <class 'passlib.handlers.sha2_crypt.sha512_crypt'>
11/20/2019 21:27:42 PM - DEBUG - registered 'sha256_crypt' handler: <class 'passlib.handlers.sha2_crypt.sha256_crypt'>
11/20/2019 21:27:43 PM - WARNING -  * Debugger is active!
11/20/2019 21:27:43 PM - INFO -  * Debugger PIN: 275-900-968
